Sat Aug 15 23:02:29 2020 :: [*****] BUG: Fix_exits: 10525:1 -> 10535:3 -> 10534.
Sat Aug 15 23:02:29 2020 :: [*****] BUG: Fix_exits: 3458:2 -> 3472:0 -> 10401.
Sat Aug 15 23:02:29 2020 :: [*****] BUG: Fix_exits: 8705:4 -> 8706:5 -> 8708.
Sat Aug 15 23:02:29 2020 :: [*****] BUG: Fix_exits: 8717:2 -> 8719:0 -> 8718.
Err: obj an icicle (9227) -- 28, mob the Ice Bandit (9228) -- 24
Err: obj elemental wand of wind and air (9218) -- 27, mob an alchemist (9234) -- 13
Err: obj an ice staff (9216) -- 25, mob a baby rainbow dragon (9235) -- 16
Err: obj an ice staff (9216) -- 25, mob a puddle (9214) -- 8
Err: obj elemental wand of fire (9215) -- 16, mob a flame (9215) -- 4
Err: obj elemental wand of fire (9215) -- 16, mob a flame (9215) -- 4
Err: obj an elemental rod of earthquake (9217) -- 7, mob a small rock (9217) -- 3
Err: obj elemental wand of wind and air (9218) -- 27, mob a small spark (9218) -- 4
Err: obj elemental wand of wind and air (9218) -- 27, mob an eddie (9225) -- 2
Err: obj a wet noodle (8010) -- 5, mob a Futsie (8002) -- 17
Sat Aug 15 23:02:29 2020 :: ROM is ready to rock on port 9000.
Sat Aug 15 23:02:36 2020 :: Sock.sinaddr:  127.0.0.1
Sat Aug 15 23:02:38 2020 :: Loading Thorin.
Sat Aug 15 23:02:40 2020 :: Thorin@localhost has connected.
Sat Aug 15 23:02:46 2020 :: Log Thorin: set char
Sat Aug 15 23:03:10 2020 :: Log Thorin: load mob 3094
Sat Aug 15 23:03:52 2020 :: Log Thorin: load obj 3135
Sat Aug 15 23:04:05 2020 :: Log Thorin: load obj 3011
Sat Aug 15 23:07:43 2020 :: Log Thorin: reboot
Sat Aug 15 23:07:43 2020 :: Closing link to Thorin.
Sat Aug 15 23:07:44 2020 :: Normal termination of game.
