Sun Aug 16 12:35:46 2020 :: [*****] BUG: Fix_exits: 10525:1 -> 10535:3 -> 10534.
Sun Aug 16 12:35:46 2020 :: [*****] BUG: Fix_exits: 3458:2 -> 3472:0 -> 10401.
Sun Aug 16 12:35:46 2020 :: [*****] BUG: Fix_exits: 8705:4 -> 8706:5 -> 8708.
Sun Aug 16 12:35:46 2020 :: [*****] BUG: Fix_exits: 8717:2 -> 8719:0 -> 8718.
Err: obj an icicle (9227) -- 28, mob the Ice Bandit (9228) -- 24
Err: obj elemental wand of wind and air (9218) -- 27, mob an alchemist (9234) -- 13
Err: obj an ice staff (9216) -- 25, mob a baby rainbow dragon (9235) -- 16
Err: obj an ice staff (9216) -- 25, mob a puddle (9214) -- 8
Err: obj elemental wand of fire (9215) -- 16, mob a flame (9215) -- 4
Err: obj elemental wand of fire (9215) -- 16, mob a flame (9215) -- 4
Err: obj an elemental rod of earthquake (9217) -- 7, mob a small rock (9217) -- 3
Err: obj elemental wand of wind and air (9218) -- 27, mob a small spark (9218) -- 4
Err: obj elemental wand of wind and air (9218) -- 27, mob an eddie (9225) -- 2
Err: obj a wet noodle (8010) -- 5, mob a Futsie (8002) -- 17
Sun Aug 16 12:35:46 2020 :: ROM is ready to rock on port 9000.
Sun Aug 16 12:35:56 2020 :: Sock.sinaddr:  127.0.0.1
Sun Aug 16 12:35:58 2020 :: Loading Thorin.
Sun Aug 16 12:36:00 2020 :: Thorin@localhost has connected.
Sun Aug 16 12:36:22 2020 :: Sock.sinaddr:  127.0.0.1
Sun Aug 16 12:36:42 2020 :: Galen@localhost new player.
Sun Aug 16 12:37:59 2020 :: [*****] BUG: dragon breath: direct victim FULL  damage: 3
Sun Aug 16 12:38:13 2020 :: [*****] BUG: dragon breath: direct victim FULL  damage: 5
Sun Aug 16 12:39:11 2020 :: Log Thorin: restore
Sun Aug 16 12:39:16 2020 :: [*****] BUG: dragon breath: direct victim FULL  damage: 3
Sun Aug 16 12:45:17 2020 :: [*****] BUG: dragon breath: direct victim FULL  damage: 7
Sun Aug 16 12:45:46 2020 :: Log Thorin: set 
Sun Aug 16 12:46:23 2020 :: Log Thorin: set skill galen mace 99
Sun Aug 16 12:48:12 2020 :: Galen gained level 2
Sun Aug 16 12:48:12 2020 :: [*****] BUG: luck was 19 and perc was 85.
Sun Aug 16 12:48:12 2020 :: [*****] BUG: HP gain: 10  MANA gain: 2  MOVE gain: 6
Sun Aug 16 12:50:11 2020 :: Log Thorin: load obj 9204
Sun Aug 16 12:50:28 2020 :: Log Thorin: load obj 9204
Sun Aug 16 12:50:49 2020 :: Log Thorin: load obj 3711
Sun Aug 16 12:51:59 2020 :: Log Thorin: load obj 9210
Sun Aug 16 12:52:44 2020 :: Log Thorin: load obj 3024
Sun Aug 16 12:53:10 2020 :: Log Thorin: load obj 3352
Sun Aug 16 12:53:56 2020 :: Log Thorin: load obj 2314 1
Sun Aug 16 12:54:29 2020 :: [*****] BUG: dragon breath: direct victim FULL  damage: 5
Sun Aug 16 12:54:53 2020 :: Log Thorin: restore
Sun Aug 16 12:54:59 2020 :: [*****] BUG: dragon breath: direct victim SAVED  damage: 8
Sun Aug 16 12:55:04 2020 :: [*****] BUG: dragon breath: direct victim SAVED  damage: 5
Sun Aug 16 12:55:06 2020 :: Galen gained level 3
Sun Aug 16 12:55:06 2020 :: [*****] BUG: luck was 19 and perc was 49.
Sun Aug 16 12:55:06 2020 :: [*****] BUG: HP gain: 9  MANA gain: 5  MOVE gain: 6
Sun Aug 16 12:56:54 2020 :: [*****] BUG: dragon breath: direct victim FULL  damage: 27
Sun Aug 16 13:01:28 2020 :: [*****] BUG: dragon breath: direct victim SAVED  damage: 9
Sun Aug 16 13:07:16 2020 :: Log Thorin: reboot
Sun Aug 16 13:07:16 2020 :: Closing link to Galen.
Sun Aug 16 13:07:16 2020 :: Closing link to Thorin.
Sun Aug 16 13:07:17 2020 :: Normal termination of game.
