Sun Aug 16 13:28:05 2020 :: [*****] BUG: Fix_exits: 10525:1 -> 10535:3 -> 10534.
Sun Aug 16 13:28:05 2020 :: [*****] BUG: Fix_exits: 3458:2 -> 3472:0 -> 10401.
Sun Aug 16 13:28:05 2020 :: [*****] BUG: Fix_exits: 8705:4 -> 8706:5 -> 8708.
Sun Aug 16 13:28:05 2020 :: [*****] BUG: Fix_exits: 8717:2 -> 8719:0 -> 8718.
Err: obj an icicle (9227) -- 28, mob the Ice Bandit (9228) -- 24
Err: obj elemental wand of wind and air (9218) -- 27, mob an alchemist (9234) -- 13
Err: obj an ice staff (9216) -- 25, mob a baby rainbow dragon (9235) -- 16
Err: obj an ice staff (9216) -- 25, mob a puddle (9214) -- 8
Err: obj elemental wand of fire (9215) -- 16, mob a flame (9215) -- 4
Err: obj elemental wand of fire (9215) -- 16, mob a flame (9215) -- 4
Err: obj an elemental rod of earthquake (9217) -- 7, mob a small rock (9217) -- 3
Err: obj elemental wand of wind and air (9218) -- 27, mob a small spark (9218) -- 4
Err: obj elemental wand of wind and air (9218) -- 27, mob an eddie (9225) -- 2
Err: obj a wet noodle (8010) -- 5, mob a Futsie (8002) -- 17
Sun Aug 16 13:28:05 2020 :: ROM is ready to rock on port 9000.
Sun Aug 16 13:28:11 2020 :: Sock.sinaddr:  127.0.0.1
Sun Aug 16 13:28:14 2020 :: Loading Thorin.
Sun Aug 16 13:28:16 2020 :: Thorin@localhost has connected.
Sun Aug 16 13:28:19 2020 :: Sock.sinaddr:  127.0.0.1
Sun Aug 16 13:28:21 2020 :: Loading Galen.
Sun Aug 16 13:28:23 2020 :: Galen@localhost has connected.
Sun Aug 16 13:29:39 2020 :: [*****] BUG: dragon breath: not victim SAVED  damage: 5
Sun Aug 16 13:30:02 2020 :: Log Thorin: restore
Sun Aug 16 13:30:48 2020 :: [*****] BUG: dragon breath: not victim full  damage: 13
Sun Aug 16 13:30:52 2020 :: [*****] BUG: dragon breath: not victim SAVED  damage: 7
Sun Aug 16 13:31:47 2020 :: Galen gained level 5
Sun Aug 16 13:31:47 2020 :: [*****] BUG: luck was 19 and perc was 86.
Sun Aug 16 13:31:47 2020 :: [*****] BUG: HP gain: 9  MANA gain: 2  MOVE gain: 6
Err: obj elemental wand of wind and air (9218) -- 27, mob an alchemist (9234) -- 13
Err: obj an ice staff (9216) -- 25, mob a puddle (9214) -- 8
Err: obj elemental wand of fire (9215) -- 16, mob a flame (9215) -- 4
Err: obj an elemental rod of earthquake (9217) -- 7, mob a small rock (9217) -- 3
Err: obj elemental wand of wind and air (9218) -- 27, mob a small spark (9218) -- 4
Err: obj elemental wand of wind and air (9218) -- 27, mob an eddie (9225) -- 2
Err: obj a wet noodle (8010) -- 5, mob a Futsie (8002) -- 17
Sun Aug 16 14:47:29 2020 :: Galen has quit.
Err: obj elemental wand of wind and air (9218) -- 27, mob an alchemist (9234) -- 13
Sun Aug 16 15:20:30 2020 :: Log Thorin: load obj 9322
Sun Aug 16 15:54:22 2020 :: Thorin has quit.
