Sun Aug 16 17:54:17 2020 :: [*****] BUG: Fix_exits: 10525:1 -> 10535:3 -> 10534.
Sun Aug 16 17:54:17 2020 :: [*****] BUG: Fix_exits: 3458:2 -> 3472:0 -> 10401.
Sun Aug 16 17:54:17 2020 :: [*****] BUG: Fix_exits: 8705:4 -> 8706:5 -> 8708.
Sun Aug 16 17:54:17 2020 :: [*****] BUG: Fix_exits: 8717:2 -> 8719:0 -> 8718.
Err: obj an icicle (9227) -- 28, mob the Ice Bandit (9228) -- 24
Err: obj elemental wand of wind and air (9218) -- 27, mob an alchemist (9234) -- 13
Err: obj an ice staff (9216) -- 25, mob a baby rainbow dragon (9235) -- 16
Err: obj an ice staff (9216) -- 25, mob a puddle (9214) -- 8
Err: obj elemental wand of fire (9215) -- 16, mob a flame (9215) -- 4
Err: obj elemental wand of fire (9215) -- 16, mob a flame (9215) -- 4
Err: obj an elemental rod of earthquake (9217) -- 7, mob a small rock (9217) -- 3
Err: obj elemental wand of wind and air (9218) -- 27, mob a small spark (9218) -- 4
Err: obj elemental wand of wind and air (9218) -- 27, mob an eddie (9225) -- 2
Err: obj a wet noodle (8010) -- 5, mob a Futsie (8002) -- 17
Sun Aug 16 17:54:17 2020 :: ROM is ready to rock on port 9000.
Sun Aug 16 17:54:29 2020 :: Sock.sinaddr:  127.0.0.1
Sun Aug 16 17:54:32 2020 :: Loading Thorin.
Sun Aug 16 17:54:34 2020 :: Thorin@localhost has connected.
Sun Aug 16 17:54:41 2020 :: Sock.sinaddr:  127.0.0.1
Sun Aug 16 17:54:59 2020 :: Boris@localhost new player.
Sun Aug 16 17:57:16 2020 :: Log Thorin: set skill 
Sun Aug 16 17:57:26 2020 :: Log Thorin: set skill boris hand 99
Sun Aug 16 17:57:37 2020 :: Log Thorin: set skill boris enhanced 99
Sun Aug 16 17:57:46 2020 :: Log Thorin: set skill boris bash 99
Sun Aug 16 17:58:04 2020 :: Log Thorin: set skill boris spear 99
Sun Aug 16 18:02:30 2020 :: Boris gained level 2
Sun Aug 16 18:02:30 2020 :: [*****] BUG: luck was 21 and perc was 61.
Sun Aug 16 18:02:30 2020 :: [*****] BUG: HP gain: 13  MANA gain: 2  MOVE gain: 6
Sun Aug 16 18:05:52 2020 :: Log Thorin: load mob 3704
Sun Aug 16 18:05:57 2020 :: Boris gained level 3
Sun Aug 16 18:05:57 2020 :: [*****] BUG: luck was 21 and perc was 68.
Sun Aug 16 18:05:57 2020 :: [*****] BUG: HP gain: 13  MANA gain: 2  MOVE gain: 6
Sun Aug 16 18:06:06 2020 :: Log Thorin: load mob 3704
Sun Aug 16 18:06:09 2020 :: Log Thorin: load mob 3704
Sun Aug 16 18:06:14 2020 :: Log Thorin: load mob 3704
Sun Aug 16 18:06:20 2020 :: Log Thorin: load mob 3704
Sun Aug 16 18:06:26 2020 :: Log Thorin: load mob 3704
Sun Aug 16 18:06:32 2020 :: Log Thorin: load mob 3704
Sun Aug 16 18:06:38 2020 :: Log Thorin: load mob 3704
Sun Aug 16 18:06:44 2020 :: Log Thorin: load mob 3704
Sun Aug 16 18:06:50 2020 :: Log Thorin: load mob 3704
Sun Aug 16 18:06:56 2020 :: Log Thorin: load mob 3704
Sun Aug 16 18:06:58 2020 :: Boris gained level 4
Sun Aug 16 18:06:58 2020 :: [*****] BUG: luck was 21 and perc was 52.
Sun Aug 16 18:06:58 2020 :: [*****] BUG: HP gain: 10  MANA gain: 2  MOVE gain: 6
Sun Aug 16 18:08:29 2020 :: Log Thorin: load mob 3711
Sun Aug 16 18:09:05 2020 :: Log Thorin: load mob 3711
Sun Aug 16 18:10:47 2020 :: Log Thorin: load mob 3711
Sun Aug 16 18:11:20 2020 :: Log Thorin: load mob 3711
Sun Aug 16 18:11:37 2020 :: Log Thorin: load mob 3711
Sun Aug 16 18:12:45 2020 :: Log Thorin: load mob 3711
Sun Aug 16 18:13:07 2020 :: Log Thorin: load mob 3711
Sun Aug 16 18:13:20 2020 :: Log Thorin: load mob 3711
Sun Aug 16 18:13:31 2020 :: Log Thorin: load mob 3711
Sun Aug 16 18:13:48 2020 :: Log Thorin: load mob 3711
Sun Aug 16 18:13:59 2020 :: Log Thorin: load mob 3711
Sun Aug 16 18:14:13 2020 :: Boris gained level 5
Sun Aug 16 18:14:13 2020 :: [*****] BUG: luck was 21 and perc was 96.
Sun Aug 16 18:14:13 2020 :: [*****] BUG: HP gain: 11  MANA gain: 2  MOVE gain: 6
Sun Aug 16 18:21:43 2020 :: Log Thorin: reboot
Sun Aug 16 18:21:43 2020 :: Closing link to Boris.
Sun Aug 16 18:21:43 2020 :: Closing link to Thorin.
Sun Aug 16 18:21:43 2020 :: Normal termination of game.
