Wed Aug 19 10:03:37 2020 :: [*****] BUG: Fix_exits: 10525:1 -> 10535:3 -> 10534.
Wed Aug 19 10:03:37 2020 :: [*****] BUG: Fix_exits: 3458:2 -> 3472:0 -> 10401.
Wed Aug 19 10:03:37 2020 :: [*****] BUG: Fix_exits: 8705:4 -> 8706:5 -> 8708.
Wed Aug 19 10:03:37 2020 :: [*****] BUG: Fix_exits: 8717:2 -> 8719:0 -> 8718.
Err: obj an icicle (9227) -- 28, mob the Ice Bandit (9228) -- 24
Err: obj elemental wand of wind and air (9218) -- 27, mob an alchemist (9234) -- 13
Err: obj an ice staff (9216) -- 25, mob a baby rainbow dragon (9235) -- 16
Err: obj an ice staff (9216) -- 25, mob a puddle (9214) -- 8
Err: obj elemental wand of fire (9215) -- 16, mob a flame (9215) -- 4
Err: obj elemental wand of fire (9215) -- 16, mob a flame (9215) -- 4
Err: obj an elemental rod of earthquake (9217) -- 7, mob a small rock (9217) -- 3
Err: obj elemental wand of wind and air (9218) -- 27, mob a small spark (9218) -- 4
Err: obj elemental wand of wind and air (9218) -- 27, mob an eddie (9225) -- 2
Err: obj a wet noodle (8010) -- 5, mob a Futsie (8002) -- 17
Wed Aug 19 10:03:37 2020 :: ROM is ready to rock on port 9000.
Wed Aug 19 10:11:01 2020 :: Sock.sinaddr:  127.0.0.1
Wed Aug 19 10:11:03 2020 :: Loading Thorin.
Wed Aug 19 10:11:06 2020 :: Thorin@localhost has connected.
Err: obj elemental wand of wind and air (9218) -- 27, mob an alchemist (9234) -- 13
Err: obj an ice staff (9216) -- 25, mob a puddle (9214) -- 8
Err: obj elemental wand of fire (9215) -- 16, mob a flame (9215) -- 4
Err: obj an elemental rod of earthquake (9217) -- 7, mob a small rock (9217) -- 3
Err: obj elemental wand of wind and air (9218) -- 27, mob a small spark (9218) -- 4
Err: obj elemental wand of wind and air (9218) -- 27, mob an eddie (9225) -- 2
Err: obj a wet noodle (8010) -- 5, mob a Futsie (8002) -- 17
Wed Aug 19 11:22:05 2020 :: Log Thorin: reboot
Wed Aug 19 11:22:05 2020 :: Closing link to Thorin.
Wed Aug 19 11:22:05 2020 :: Normal termination of game.
